JUnit version 4.13
.E.E..Enter a string: 
E.E.E
Time: 4.531
There were 5 failures:
1) test2(testing_ChatGPT_on_java.ReverseWordsInString_ESTest)
java.lang.Error: Unresolved compilation problem: 
	The method reverseWords(String) is undefined for the type ReverseWordsInString

	at testing_ChatGPT_on_java.ReverseWordsInString_ESTest.test2(ReverseWordsInString_ESTest.java:32)
2) test3(testing_ChatGPT_on_java.ReverseWordsInString_ESTest)
java.lang.Error: Unresolved compilation problem: 
	The method reverseWords(String) is undefined for the type ReverseWordsInString

	at testing_ChatGPT_on_java.ReverseWordsInString_ESTest.test3(ReverseWordsInString_ESTest.java:38)
3) test5(testing_ChatGPT_on_java.ReverseWordsInString_ESTest)
org.junit.runners.model.TestTimedOutException: test timed out after 4000 milliseconds
	at java.io.FileInputStream.readBytes(Native Method)
	at java.io.FileInputStream.read(FileInputStream.java:255)
	at java.io.BufferedInputStream.read1(BufferedInputStream.java:284)
	at java.io.BufferedInputStream.read(BufferedInputStream.java:345)
	at sun.nio.cs.StreamDecoder.readBytes(StreamDecoder.java:284)
	at sun.nio.cs.StreamDecoder.implRead(StreamDecoder.java:326)
	at sun.nio.cs.StreamDecoder.read(StreamDecoder.java:178)
	at java.io.InputStreamReader.read(InputStreamReader.java:184)
	at java.io.Reader.read(Reader.java:100)
	at java.util.Scanner.readInput(Scanner.java:804)
	at java.util.Scanner.findWithinHorizon(Scanner.java:1685)
	at java.util.Scanner.nextLine(Scanner.java:1538)
	at testing_ChatGPT_on_java.ReverseWordsInString.main(ReverseWordsInString.java:8)
	at testing_ChatGPT_on_java.ReverseWordsInString_ESTest.test5(ReverseWordsInString_ESTest.java:49)
4) test0(testing_ChatGPT_on_java.ReverseWordsInString_ESTest)
java.lang.Error: Unresolved compilation problem: 
	The method reverseWords(String) is undefined for the type ReverseWordsInString

	at testing_ChatGPT_on_java.ReverseWordsInString_ESTest.test0(ReverseWordsInString_ESTest.java:20)
5) test1(testing_ChatGPT_on_java.ReverseWordsInString_ESTest)
java.lang.Error: Unresolved compilation problem: 
	The method reverseWords(String) is undefined for the type ReverseWordsInString

	at testing_ChatGPT_on_java.ReverseWordsInString_ESTest.test1(ReverseWordsInString_ESTest.java:26)

FAILURES!!!
Tests run: 6,  Failures: 5

