JUnit version 4.13
.E...Original: This is a test string.
Replaced: This not is not a test string.
Original: is is is
Replaced: is not is not is not
Original: This is his sister.
Replaced: This not is not his not sis notter.
Original: null
Replaced: null
Original: isis
Replaced: is notis not

Time: 0.359
There was 1 failure:
1) test1(testing_ChatGPT_on_java.WordReplace_ESTest)
java.lang.AssertionError: Expecting exception: NullPointerException
	at org.junit.Assert.fail(Assert.java:89)
	at testing_ChatGPT_on_java.WordReplace_ESTest.test1(WordReplace_ESTest.java:32)

FAILURES!!!
Tests run: 4,  Failures: 1

