JUnit version 4.13
.E..E
Time: 0.519
There were 2 failures:
1) test2(testing_ChatGPT_on_java.CanonicalRepresentation_ESTest)
org.evosuite.runtime.mock.java.lang.MockIllegalArgumentException: Invalid string or proportion
	at testing_ChatGPT_on_java.CanonicalRepresentation.getCanonicalRepresentationString(CanonicalRepresentation.java:31)
	at testing_ChatGPT_on_java.CanonicalRepresentation.main(CanonicalRepresentation.java:12)
	at testing_ChatGPT_on_java.CanonicalRepresentation_ESTest.test2(CanonicalRepresentation_ESTest.java:39)
2) test0(testing_ChatGPT_on_java.CanonicalRepresentation_ESTest)
org.evosuite.runtime.mock.java.lang.MockIllegalArgumentException: Invalid string or proportion
	at testing_ChatGPT_on_java.CanonicalRepresentation.getCanonicalRepresentationString(CanonicalRepresentation.java:31)
	at testing_ChatGPT_on_java.CanonicalRepresentation.main(CanonicalRepresentation.java:12)
	at testing_ChatGPT_on_java.CanonicalRepresentation_ESTest.test0(CanonicalRepresentation_ESTest.java:25)

FAILURES!!!
Tests run: 3,  Failures: 2

