JUnit version 4.13
.E.E.E.
Time: 4.367
There were 3 failures:
1) test0(testing_ChatGPT_on_java.DuplicateCharacters_ESTest)
java.lang.Error: Unresolved compilation problem: 
	The method countDuplicateCharacters(String) is undefined for the type DuplicateCharacters

	at testing_ChatGPT_on_java.DuplicateCharacters_ESTest.test0(DuplicateCharacters_ESTest.java:23)
2) test1(testing_ChatGPT_on_java.DuplicateCharacters_ESTest)
java.lang.Error: Unresolved compilation problem: 
	The method countDuplicateCharacters(String) is undefined for the type DuplicateCharacters

	at testing_ChatGPT_on_java.DuplicateCharacters_ESTest.test1(DuplicateCharacters_ESTest.java:36)
3) test2(testing_ChatGPT_on_java.DuplicateCharacters_ESTest)
org.junit.runners.model.TestTimedOutException: test timed out after 4000 milliseconds
	at java.io.FileInputStream.readBytes(Native Method)
	at java.io.FileInputStream.read(FileInputStream.java:255)
	at java.io.BufferedInputStream.read1(BufferedInputStream.java:284)
	at java.io.BufferedInputStream.read(BufferedInputStream.java:345)
	at sun.nio.cs.StreamDecoder.readBytes(StreamDecoder.java:284)
	at sun.nio.cs.StreamDecoder.implRead(StreamDecoder.java:326)
	at sun.nio.cs.StreamDecoder.read(StreamDecoder.java:178)
	at java.io.InputStreamReader.read(InputStreamReader.java:184)
	at java.io.Reader.read(Reader.java:100)
	at java.util.Scanner.readInput(Scanner.java:804)
	at java.util.Scanner.findWithinHorizon(Scanner.java:1685)
	at java.util.Scanner.nextLine(Scanner.java:1538)
	at testing_ChatGPT_on_java.DuplicateCharacters.main(DuplicateCharacters.java:9)
	at testing_ChatGPT_on_java.DuplicateCharacters_ESTest.test2(DuplicateCharacters_ESTest.java:41)

FAILURES!!!
Tests run: 4,  Failures: 3

