JUnit version 4.13
.E.E..E.Enter the first string: 
E
Time: 4.425
There were 4 failures:
1) test1(testing_ChatGPT_on_java.InterleavingStrings_ESTest)
java.lang.Error: Unresolved compilation problem: 
	The method findInterleavings(String, String) is undefined for the type InterleavingStrings

	at testing_ChatGPT_on_java.InterleavingStrings_ESTest.test1(InterleavingStrings_ESTest.java:31)
2) test0(testing_ChatGPT_on_java.InterleavingStrings_ESTest)
java.lang.Error: Unresolved compilation problem: 
	The method findInterleavings(String, String) is undefined for the type InterleavingStrings

	at testing_ChatGPT_on_java.InterleavingStrings_ESTest.test0(InterleavingStrings_ESTest.java:22)
3) test2(testing_ChatGPT_on_java.InterleavingStrings_ESTest)
java.lang.Error: Unresolved compilation problem: 
	The method testCases() is undefined for the type InterleavingStrings

	at testing_ChatGPT_on_java.InterleavingStrings_ESTest.test2(InterleavingStrings_ESTest.java:42)
4) test4(testing_ChatGPT_on_java.InterleavingStrings_ESTest)
org.junit.runners.model.TestTimedOutException: test timed out after 4000 milliseconds
	at java.io.FileInputStream.readBytes(Native Method)
	at java.io.FileInputStream.read(FileInputStream.java:255)
	at java.io.BufferedInputStream.read1(BufferedInputStream.java:284)
	at java.io.BufferedInputStream.read(BufferedInputStream.java:345)
	at sun.nio.cs.StreamDecoder.readBytes(StreamDecoder.java:284)
	at sun.nio.cs.StreamDecoder.implRead(StreamDecoder.java:326)
	at sun.nio.cs.StreamDecoder.read(StreamDecoder.java:178)
	at java.io.InputStreamReader.read(InputStreamReader.java:184)
	at java.io.Reader.read(Reader.java:100)
	at java.util.Scanner.readInput(Scanner.java:804)
	at java.util.Scanner.findWithinHorizon(Scanner.java:1685)
	at java.util.Scanner.nextLine(Scanner.java:1538)
	at testing_ChatGPT_on_java.InterleavingStrings.main(InterleavingStrings.java:12)
	at testing_ChatGPT_on_java.InterleavingStrings_ESTest.test4(InterleavingStrings_ESTest.java:60)

FAILURES!!!
Tests run: 5,  Failures: 4

