JUnit version 4.13
......true
true
true
true
false
false
false
..E
Time: 0.38
There was 1 failure:
1) test1(testing_ChatGPT_on_java.Solution_ESTest)
java.lang.AssertionError
	at org.junit.Assert.fail(Assert.java:87)
	at org.junit.Assert.assertTrue(Assert.java:42)
	at org.junit.Assert.assertTrue(Assert.java:53)
	at testing_ChatGPT_on_java.Solution_ESTest.test1(Solution_ESTest.java:27)

FAILURES!!!
Tests run: 8,  Failures: 1

