JUnit version 4.13
.E..
Time: 0.604
There was 1 failure:
1) test2(testing_ChatGPT_on_java.CanonicalRepresentation_ESTest)
java.lang.AssertionError: Expecting exception: NoSuchElementException
	at org.junit.Assert.fail(Assert.java:89)
	at testing_ChatGPT_on_java.CanonicalRepresentation_ESTest.test2(CanonicalRepresentation_ESTest.java:40)

FAILURES!!!
Tests run: 3,  Failures: 1

