JUnit version 4.13
.Subarray with sum zero (arr1): [1, 3]
Subarray with sum zero (arr2): []
Subarray with sum zero (arr3): [0, 3]
Subarray with sum zero (arr4): []
Subarray with sum zero (arr5): []
...E.
Time: 0.375
There was 1 failure:
1) test1(testing_ChatGPT_on_java.SubarraySumZero_ESTest)
java.lang.AssertionError: Expecting exception: NullPointerException
	at org.junit.Assert.fail(Assert.java:89)
	at testing_ChatGPT_on_java.SubarraySumZero_ESTest.test1(SubarraySumZero_ESTest.java:33)

FAILURES!!!
Tests run: 5,  Failures: 1

