JUnit version 4.13
.Enter a string: E.....Duplicate characters in the string "": No duplicates found.
.
Time: 4.388
There was 1 failure:
1) test6(testing_ChatGPT_on_java.StringDuplicates_ESTest)
org.junit.runners.model.TestTimedOutException: test timed out after 4000 milliseconds
	at java.io.FileInputStream.readBytes(Native Method)
	at java.io.FileInputStream.read(FileInputStream.java:255)
	at java.io.BufferedInputStream.read1(BufferedInputStream.java:284)
	at java.io.BufferedInputStream.read(BufferedInputStream.java:345)
	at sun.nio.cs.StreamDecoder.readBytes(StreamDecoder.java:284)
	at sun.nio.cs.StreamDecoder.implRead(StreamDecoder.java:326)
	at sun.nio.cs.StreamDecoder.read(StreamDecoder.java:178)
	at java.io.InputStreamReader.read(InputStreamReader.java:184)
	at java.io.Reader.read(Reader.java:100)
	at java.util.Scanner.readInput(Scanner.java:804)
	at java.util.Scanner.findWithinHorizon(Scanner.java:1685)
	at java.util.Scanner.nextLine(Scanner.java:1538)
	at testing_ChatGPT_on_java.StringDuplicates.main(StringDuplicates.java:39)
	at testing_ChatGPT_on_java.StringDuplicates_ESTest.test6(StringDuplicates_ESTest.java:86)

FAILURES!!!
Tests run: 7,  Failures: 1

