JUnit version 4.13
.Enter the first date (yyyy-MM-dd): Invalid date format. Please use yyyy-MM-dd.
Enter the first date (yyyy-MM-dd): .Enter the first date (yyyy-MM-dd): Invalid date format. Please use yyyy-MM-dd.
Enter the first date (yyyy-MM-dd): Invalid date format. Please use yyyy-MM-dd.
Enter the first date (yyyy-MM-dd): E.
Time: 0.389
There was 1 failure:
1) test0(testing_ChatGPT_on_java.DateDifference_ESTest)
java.util.NoSuchElementException: No line found
	at java.util.Scanner.nextLine(Scanner.java:1540)
	at testing_ChatGPT_on_java.DateDifference.main(DateDifference.java:19)
	at testing_ChatGPT_on_java.DateDifference_ESTest.test0(DateDifference_ESTest.java:26)

FAILURES!!!
Tests run: 3,  Failures: 1

