JUnit version 4.13
.


a
a
a
a
a
apple
Apple
apple
apple
apple
apple
Apple
apple
apple
apple
b
b
banana
Banana
banana
banana
banana
banana
Banana
banana
banana
banana
c
c
cherry
Cherry
cherry
cherry
cherry
cherry
Cherry
cherry
cherry
cherry
E.


a
a
a
a
a
apple
Apple
apple
apple
apple
apple
Apple
apple
apple
apple
b
b
banana
Banana
banana
banana
banana
banana
Banana
banana
banana
banana
c
c
cherry
Cherry
cherry
cherry
cherry
cherry
Cherry
cherry
cherry
cherry
.


a
a
a
a
a
apple
Apple
apple
apple
apple
apple
Apple
apple
apple
apple
b
b
banana
Banana
banana
banana
banana
banana
Banana
banana
banana
banana
c
c
cherry
Cherry
cherry
cherry
cherry
cherry
Cherry
cherry
cherry
cherry



a
a
a
a
a
apple
Apple
apple
apple
apple
apple
Apple
apple
apple
apple
b
b
banana
Banana
banana
banana
banana
banana
Banana
banana
banana
banana
c
c
cherry
Cherry
cherry
cherry
cherry
cherry
Cherry
cherry
cherry
cherry
.
Time: 0.502
There was 1 failure:
1) test0(testing_ChatGPT_on_java.CompareStringsIgnoringCase_ESTest)
java.lang.AssertionError: Expecting exception: NoSuchElementException
	at org.junit.Assert.fail(Assert.java:89)
	at testing_ChatGPT_on_java.CompareStringsIgnoringCase_ESTest.test0(CompareStringsIgnoringCase_ESTest.java:27)

FAILURES!!!
Tests run: 4,  Failures: 1

