JUnit version 4.13
.....E.E
Time: 0.365
There were 2 failures:
1) test0(testing_ChatGPT_on_java.CompareNumbers_ESTest)
java.lang.AssertionError: Expecting exception: NoSuchElementException
	at org.junit.Assert.fail(Assert.java:89)
	at testing_ChatGPT_on_java.CompareNumbers_ESTest.test0(CompareNumbers_ESTest.java:27)
2) test1(testing_ChatGPT_on_java.CompareNumbers_ESTest)
java.lang.AssertionError: Expecting exception: InputMismatchException
	at org.junit.Assert.fail(Assert.java:89)
	at testing_ChatGPT_on_java.CompareNumbers_ESTest.test1(CompareNumbers_ESTest.java:44)

FAILURES!!!
Tests run: 6,  Failures: 2

