JUnit version 4.13
...E...Result 1: 1 3 12 0 0 
Result 2: 0 
Result 3: 
Result 4: 1 2 3 4 
Result 5: 0 0 0 0 
.
Time: 0.372
There was 1 failure:
1) test2(testing_ChatGPT_on_java.MoveZeros_ESTest)
java.lang.AssertionError: Expecting exception: NullPointerException
	at org.junit.Assert.fail(Assert.java:89)
	at testing_ChatGPT_on_java.MoveZeros_ESTest.test2(MoveZeros_ESTest.java:39)

FAILURES!!!
Tests run: 7,  Failures: 1

