JUnit version 4.13
.E..Absolute distinct count for arr1: 4
Absolute distinct count for arr2: 3
Absolute distinct count for arr3: 1
Absolute distinct count for arr4: 0
Absolute distinct count for arr5: 0
..
Time: 0.382
There was 1 failure:
1) test0(testing_ChatGPT_on_java.CountAbsoluteDistinct_ESTest)
java.lang.AssertionError: Expecting exception: NullPointerException
	at org.junit.Assert.fail(Assert.java:89)
	at testing_ChatGPT_on_java.CountAbsoluteDistinct_ESTest.test0(CountAbsoluteDistinct_ESTest.java:24)

FAILURES!!!
Tests run: 5,  Failures: 1

