JUnit version 4.13
.Enter the input string:
Enter the minor string:
E.Enter the input string:
.
Time: 0.346
There was 1 failure:
1) test1(testing_ChatGPT_on_java.DoubleString_ESTest)
java.util.NoSuchElementException: No line found
	at java.util.Scanner.nextLine(Scanner.java:1540)
	at testing_ChatGPT_on_java.DoubleString.main(DoubleString.java:15)
	at testing_ChatGPT_on_java.DoubleString_ESTest.test1(DoubleString_ESTest.java:39)

FAILURES!!!
Tests run: 3,  Failures: 1

