JUnit version 4.13
.a
-1
-1
..-1
E.g

Time: 0.363
There was 1 failure:
1) test0(testing_ChatGPT_on_java.FirstNonRepeatingCharacter_ESTest)
java.lang.AssertionError: Expecting exception: NullPointerException
	at org.junit.Assert.fail(Assert.java:89)
	at testing_ChatGPT_on_java.FirstNonRepeatingCharacter_ESTest.test0(FirstNonRepeatingCharacter_ESTest.java:24)

FAILURES!!!
Tests run: 4,  Failures: 1

