JUnit version 4.13
.Enter the input string:
Invalid input string
E.Enter the input string:
Invalid input string
.Enter the input string:
Invalid input string
.Enter the input string:
Invalid input string
..Enter the input string:
Invalid input string
.Enter the input string:

Time: 0.35
There was 1 failure:
1) test2(testing_ChatGPT_on_java.GetCharacterAtIndex_ESTest)
java.lang.AssertionError: Expecting exception: InputMismatchException
	at org.junit.Assert.fail(Assert.java:89)
	at testing_ChatGPT_on_java.GetCharacterAtIndex_ESTest.test2(GetCharacterAtIndex_ESTest.java:55)

FAILURES!!!
Tests run: 7,  Failures: 1

