JUnit version 4.13
.1 1 1 1 1 
1 1 1 1 1 
1 1 0 0 1 
1 1 0 0 1 
1 1 1 1 1 
....E
Time: 0.378
There was 1 failure:
1) test1(testing_ChatGPT_on_java.Solution_ESTest)
java.lang.AssertionError: expected:<0> but was:<1>
	at org.junit.Assert.fail(Assert.java:89)
	at org.junit.Assert.failNotEquals(Assert.java:835)
	at org.junit.Assert.assertEquals(Assert.java:647)
	at org.junit.Assert.assertEquals(Assert.java:633)
	at testing_ChatGPT_on_java.Solution_ESTest.test1(Solution_ESTest.java:27)

FAILURES!!!
Tests run: 5,  Failures: 1

