JUnit version 4.13
...This is  sample text with  repeated word.
Another example sentence.
No matching words here.
..E.
Time: 0.365
There was 1 failure:
1) test2(testing_ChatGPT_on_java.RemoveWord_ESTest)
java.lang.AssertionError: Expecting exception: NullPointerException
	at org.junit.Assert.fail(Assert.java:89)
	at testing_ChatGPT_on_java.RemoveWord_ESTest.test2(RemoveWord_ESTest.java:48)

FAILURES!!!
Tests run: 6,  Failures: 1

