JUnit version 4.13
.E..This is a sample string with some sdrow
olleH dlroW
EvenLengthWord
..
Time: 0.38
There was 1 failure:
1) test2(testing_ChatGPT_on_java.ReverseOddLengthWords_ESTest)
java.lang.AssertionError: expected:<> but was:<null>
	at org.junit.Assert.fail(Assert.java:89)
	at org.junit.Assert.failNotEquals(Assert.java:835)
	at org.junit.Assert.assertEquals(Assert.java:120)
	at org.junit.Assert.assertEquals(Assert.java:146)
	at testing_ChatGPT_on_java.ReverseOddLengthWords_ESTest.test2(ReverseOddLengthWords_ESTest.java:34)

FAILURES!!!
Tests run: 5,  Failures: 1

