JUnit version 4.13
..New length: 2, Array: [1, 2]
New length: 5, Array: [0, 1, 2, 3, 4]
New length: 0, Array: []
New length: 0, Array: null
...E
Time: 0.365
There was 1 failure:
1) test1(testing_ChatGPT_on_java.Solution_ESTest)
java.lang.AssertionError: Expecting exception: NullPointerException
	at org.junit.Assert.fail(Assert.java:89)
	at testing_ChatGPT_on_java.Solution_ESTest.test1(Solution_ESTest.java:32)

FAILURES!!!
Tests run: 5,  Failures: 1

