JUnit version 4.13
..E
Time: 0.378
There was 1 failure:
1) test0(testing_ChatGPT_on_java.CloneArrayList_ESTest)
java.lang.IndexOutOfBoundsException: Source does not fit in dest
	at java.util.Collections.copy(Collections.java:556)
	at testing_ChatGPT_on_java.CloneArrayList.main(CloneArrayList.java:21)
	at testing_ChatGPT_on_java.CloneArrayList_ESTest.test0(CloneArrayList_ESTest.java:21)

FAILURES!!!
Tests run: 2,  Failures: 1

