JUnit version 4.13
.product of two binary numbers: 1101110
.product of two binary numbers: 1101110
.E.product of two binary numbers: 1101110
E..E.product of two binary numbers: 1101110
E.
Time: 0.368
There were 4 failures:
1) test4(testing_ChatGPT_on_java.BinaryMultiplication_ESTest)
java.lang.AssertionError: expected:<-4442732> but was:<0>
	at org.junit.Assert.fail(Assert.java:89)
	at org.junit.Assert.failNotEquals(Assert.java:835)
	at org.junit.Assert.assertEquals(Assert.java:647)
	at org.junit.Assert.assertEquals(Assert.java:633)
	at testing_ChatGPT_on_java.BinaryMultiplication_ESTest.test4(BinaryMultiplication_ESTest.java:52)
2) test5(testing_ChatGPT_on_java.BinaryMultiplication_ESTest)
java.lang.AssertionError: Expecting exception: NoSuchElementException
	at org.junit.Assert.fail(Assert.java:89)
	at testing_ChatGPT_on_java.BinaryMultiplication_ESTest.test5(BinaryMultiplication_ESTest.java:61)
3) test3(testing_ChatGPT_on_java.BinaryMultiplication_ESTest)
java.lang.AssertionError: expected:<11404129> but was:<2147483647>
	at org.junit.Assert.fail(Assert.java:89)
	at org.junit.Assert.failNotEquals(Assert.java:835)
	at org.junit.Assert.assertEquals(Assert.java:647)
	at org.junit.Assert.assertEquals(Assert.java:633)
	at testing_ChatGPT_on_java.BinaryMultiplication_ESTest.test3(BinaryMultiplication_ESTest.java:46)
4) test6(testing_ChatGPT_on_java.BinaryMultiplication_ESTest)
java.lang.AssertionError: Expecting exception: NumberFormatException
	at org.junit.Assert.fail(Assert.java:89)
	at testing_ChatGPT_on_java.BinaryMultiplication_ESTest.test6(BinaryMultiplication_ESTest.java:79)

FAILURES!!!
Tests run: 8,  Failures: 4

