JUnit version 4.13
.E.Input first number: Input second number: 4 + 1 = 5
4 + 1 = 5
4 + 1 = 5
4 + 1 = 5
4 + 1 = 5
.Input first number: .Input first number: Input second number: 3 + 3 = 6
3 + 3 = 6
3 + 3 = 6
3 + 3 = 6
3 + 3 = 6
.E.E.E.Input first number: .Input first number: Input second number: 0 + 0 = 0
0 + 0 = 0
0 + 0 = 0
0 + 0 = 0
0 + 0 = 0
E.E.E..-2419 + -2419 = -4838

Time: 0.418
There were 7 failures:
1) test10(testing_ChatGPT_on_java.ArithmeticOperations_ESTest)
java.lang.Error: Unresolved compilation problem: 
	The method printDifference(int, int) is undefined for the type ArithmeticOperations

	at testing_ChatGPT_on_java.ArithmeticOperations_ESTest.test10(ArithmeticOperations_ESTest.java:122)
2) test12(testing_ChatGPT_on_java.ArithmeticOperations_ESTest)
java.lang.Error: Unresolved compilation problem: 
	The method printRemainder(int, int) is undefined for the type ArithmeticOperations

	at testing_ChatGPT_on_java.ArithmeticOperations_ESTest.test12(ArithmeticOperations_ESTest.java:142)
3) test02(testing_ChatGPT_on_java.ArithmeticOperations_ESTest)
java.lang.Error: Unresolved compilation problem: 
	The method printRemainder(int, int) is undefined for the type ArithmeticOperations

	at testing_ChatGPT_on_java.ArithmeticOperations_ESTest.test02(ArithmeticOperations_ESTest.java:40)
4) test03(testing_ChatGPT_on_java.ArithmeticOperations_ESTest)
java.lang.Error: Unresolved compilation problem: 
	The method printQuotient(int, int) is undefined for the type ArithmeticOperations

	at testing_ChatGPT_on_java.ArithmeticOperations_ESTest.test03(ArithmeticOperations_ESTest.java:55)
5) test05(testing_ChatGPT_on_java.ArithmeticOperations_ESTest)
java.lang.AssertionError: Expecting exception: ArithmeticException
	at org.junit.Assert.fail(Assert.java:89)
	at testing_ChatGPT_on_java.ArithmeticOperations_ESTest.test05(ArithmeticOperations_ESTest.java:90)
6) test06(testing_ChatGPT_on_java.ArithmeticOperations_ESTest)
java.lang.Error: Unresolved compilation problem: 
	The method printQuotient(int, int) is undefined for the type ArithmeticOperations

	at testing_ChatGPT_on_java.ArithmeticOperations_ESTest.test06(ArithmeticOperations_ESTest.java:102)
7) test07(testing_ChatGPT_on_java.ArithmeticOperations_ESTest)
java.lang.Error: Unresolved compilation problem: 
	The method printProduct(int, int) is undefined for the type ArithmeticOperations

	at testing_ChatGPT_on_java.ArithmeticOperations_ESTest.test07(ArithmeticOperations_ESTest.java:107)

FAILURES!!!
Tests run: 13,  Failures: 7

