JUnit version 4.13
.Enter a string: 
Enter a character to search for: 
The character '?' appears 0 times in the string.
The benchmark took 0 milliseconds.
E.Enter a string: 
Enter a character to search for: 
The character '1' appears 0 times in the string.
The benchmark took 0 milliseconds.
.Enter a string: 
Enter a character to search for: 
The character '0' appears 0 times in the string.
The benchmark took 0 milliseconds.
.Enter a string: 
Enter a character to search for: 
The character '-' appears 0 times in the string.
The benchmark took 0 milliseconds.
..Enter a string: 
Enter a character to search for: 
The character '1' appears 1 times in the string.
The benchmark took 0 milliseconds.
.Enter a string: 

Time: 0.345
There was 1 failure:
1) test2(testing_ChatGPT_on_java.GetCharacterAtIndex_ESTest)
java.lang.AssertionError: Expecting exception: InputMismatchException
	at org.junit.Assert.fail(Assert.java:89)
	at testing_ChatGPT_on_java.GetCharacterAtIndex_ESTest.test2(GetCharacterAtIndex_ESTest.java:55)

FAILURES!!!
Tests run: 7,  Failures: 1

