JUnit version 4.13
..Decimal places in 123.456: 3
Decimal places in 123: 0
Decimal places in 123.4567890: 7
Decimal places in -123.45: 2
Decimal places in 123.: 0
Decimal places in .45: 2
Decimal places in abc: 0
.E...
Time: 0.374
There was 1 failure:
1) test2(testing_ChatGPT_on_java.DecimalPlacesCounter_ESTest)
java.lang.AssertionError: expected null, but was:<0>
	at org.junit.Assert.fail(Assert.java:89)
	at org.junit.Assert.failNotNull(Assert.java:756)
	at org.junit.Assert.assertNull(Assert.java:738)
	at org.junit.Assert.assertNull(Assert.java:748)
	at testing_ChatGPT_on_java.DecimalPlacesCounter_ESTest.test2(DecimalPlacesCounter_ESTest.java:43)

FAILURES!!!
Tests run: 6,  Failures: 1

