JUnit version 4.13
..Array 1 contains three increasing adjacent numbers: true
Array 2 contains three increasing adjacent numbers: true
Array 3 contains three increasing adjacent numbers: false
Array 4 contains three increasing adjacent numbers: true
Array 5 contains three increasing adjacent numbers: false
Array 6 contains three increasing adjacent numbers: true
.....E
Time: 0.382
There was 1 failure:
1) test1(testing_ChatGPT_on_java.CheckIncreasingAdjacent_ESTest)
java.lang.AssertionError: Expecting exception: NullPointerException
	at org.junit.Assert.fail(Assert.java:89)
	at testing_ChatGPT_on_java.CheckIncreasingAdjacent_ESTest.test1(CheckIncreasingAdjacent_ESTest.java:31)

FAILURES!!!
Tests run: 7,  Failures: 1

