JUnit version 4.13
.Square root of 25 is: 5
.Square root of 25 is: 5
E.Square root of 25 is: 5
E.Square root of 25 is: 5
.Square root of 25 is: 5
.Square root of 25 is: 5
.Square root of 25 is: 5
.Square root of 25 is: 5
.
Time: 0.444
There were 2 failures:
1) test1(testing_ChatGPT_on_java.SquareRootCalculator_ESTest)
java.lang.AssertionError: Expecting exception: NoSuchElementException
	at org.junit.Assert.fail(Assert.java:89)
	at testing_ChatGPT_on_java.SquareRootCalculator_ESTest.test1(SquareRootCalculator_ESTest.java:33)
2) test2(testing_ChatGPT_on_java.SquareRootCalculator_ESTest)
java.lang.AssertionError: Expecting exception: InputMismatchException
	at org.junit.Assert.fail(Assert.java:89)
	at testing_ChatGPT_on_java.SquareRootCalculator_ESTest.test2(SquareRootCalculator_ESTest.java:50)

FAILURES!!!
Tests run: 9,  Failures: 2

