JUnit version 4.13
..E.1
4
1
..
Time: 0.362
There was 1 failure:
1) test3(testing_ChatGPT_on_java.Solution_ESTest)
java.lang.AssertionError: expected:<0> but was:<-1>
	at org.junit.Assert.fail(Assert.java:89)
	at org.junit.Assert.failNotEquals(Assert.java:835)
	at org.junit.Assert.assertEquals(Assert.java:647)
	at org.junit.Assert.assertEquals(Assert.java:633)
	at testing_ChatGPT_on_java.Solution_ESTest.test3(Solution_ESTest.java:58)

FAILURES!!!
Tests run: 5,  Failures: 1

