JUnit version 4.13
.2
2
0
0
0
0
1
2
1
3
..2
2
0
0
0
0
1
2
1
3
E...
Time: 0.532
There was 1 failure:
1) test5(testing_ChatGPT_on_java.CountTriples_ESTest)
java.lang.AssertionError: Expecting exception: NoSuchElementException
	at org.junit.Assert.fail(Assert.java:89)
	at testing_ChatGPT_on_java.CountTriples_ESTest.test5(CountTriples_ESTest.java:64)

FAILURES!!!
Tests run: 6,  Failures: 1

