JUnit version 4.13
.Enter four strings:
.Enter four strings:
E.Enter four strings:
E.Enter four strings:
E..Enter four strings:
E
Time: 0.363
There were 4 failures:
1) test0(testing_ChatGPT_on_java.AppendStringsWithoutDoubleChars_ESTest)
java.util.NoSuchElementException: No line found
	at java.util.Scanner.nextLine(Scanner.java:1540)
	at testing_ChatGPT_on_java.AppendStringsWithoutDoubleChars.main(AppendStringsWithoutDoubleChars.java:13)
	at testing_ChatGPT_on_java.AppendStringsWithoutDoubleChars_ESTest.test0(AppendStringsWithoutDoubleChars_ESTest.java:26)
2) test3(testing_ChatGPT_on_java.AppendStringsWithoutDoubleChars_ESTest)
java.util.NoSuchElementException: No line found
	at java.util.Scanner.nextLine(Scanner.java:1540)
	at testing_ChatGPT_on_java.AppendStringsWithoutDoubleChars.main(AppendStringsWithoutDoubleChars.java:13)
	at testing_ChatGPT_on_java.AppendStringsWithoutDoubleChars_ESTest.test3(AppendStringsWithoutDoubleChars_ESTest.java:60)
3) test2(testing_ChatGPT_on_java.AppendStringsWithoutDoubleChars_ESTest)
java.util.NoSuchElementException: No line found
	at java.util.Scanner.nextLine(Scanner.java:1540)
	at testing_ChatGPT_on_java.AppendStringsWithoutDoubleChars.main(AppendStringsWithoutDoubleChars.java:13)
	at testing_ChatGPT_on_java.AppendStringsWithoutDoubleChars_ESTest.test2(AppendStringsWithoutDoubleChars_ESTest.java:51)
4) test4(testing_ChatGPT_on_java.AppendStringsWithoutDoubleChars_ESTest)
java.util.NoSuchElementException: No line found
	at java.util.Scanner.nextLine(Scanner.java:1540)
	at testing_ChatGPT_on_java.AppendStringsWithoutDoubleChars.main(AppendStringsWithoutDoubleChars.java:13)
	at testing_ChatGPT_on_java.AppendStringsWithoutDoubleChars_ESTest.test4(AppendStringsWithoutDoubleChars_ESTest.java:71)

FAILURES!!!
Tests run: 6,  Failures: 4

