JUnit version 4.13
.E....E
Time: 0.372
There were 2 failures:
1) test2(testing_ChatGPT_on_java.ReadFileLineByLine_ESTest)
java.lang.AssertionError: Expecting exception: NullPointerException
	at org.junit.Assert.fail(Assert.java:89)
	at testing_ChatGPT_on_java.ReadFileLineByLine_ESTest.test2(ReadFileLineByLine_ESTest.java:48)
2) test1(testing_ChatGPT_on_java.ReadFileLineByLine_ESTest)
java.lang.AssertionError: Expecting exception: NullPointerException
	at org.junit.Assert.fail(Assert.java:89)
	at testing_ChatGPT_on_java.ReadFileLineByLine_ESTest.test1(ReadFileLineByLine_ESTest.java:32)

FAILURES!!!
Tests run: 5,  Failures: 2

