JUnit version 4.13
.E.E.String: 3434, Same Appearance of 3 and 4 : true
String: 334443, Same Appearance of 3 and 4: true
String: 3334444, Same Appearance of 3 and 4: false
String: , Same Appearance of 3 and 4: false
String: 12, Same Appearance of 3 and 4: false
String: 312444343, Same Appearance of 3 and 4: false
.E.
Time: 0.377
There were 3 failures:
1) test3(testing_ChatGPT_on_java.StringAppearanceChecker_ESTest)
java.lang.AssertionError
	at org.junit.Assert.fail(Assert.java:87)
	at org.junit.Assert.assertTrue(Assert.java:42)
	at org.junit.Assert.assertTrue(Assert.java:53)
	at testing_ChatGPT_on_java.StringAppearanceChecker_ESTest.test3(StringAppearanceChecker_ESTest.java:43)
2) test2(testing_ChatGPT_on_java.StringAppearanceChecker_ESTest)
java.lang.AssertionError
	at org.junit.Assert.fail(Assert.java:87)
	at org.junit.Assert.assertTrue(Assert.java:42)
	at org.junit.Assert.assertTrue(Assert.java:53)
	at testing_ChatGPT_on_java.StringAppearanceChecker_ESTest.test2(StringAppearanceChecker_ESTest.java:36)
3) test1(testing_ChatGPT_on_java.StringAppearanceChecker_ESTest)
java.lang.AssertionError
	at org.junit.Assert.fail(Assert.java:87)
	at org.junit.Assert.assertTrue(Assert.java:42)
	at org.junit.Assert.assertFalse(Assert.java:65)
	at org.junit.Assert.assertFalse(Assert.java:75)
	at testing_ChatGPT_on_java.StringAppearanceChecker_ESTest.test1(StringAppearanceChecker_ESTest.java:29)

FAILURES!!!
Tests run: 5,  Failures: 3

