JUnit version 4.13
.E...Current Date and Time: 2014-02-14 20:21:21
Day of week: Monday
Leap years since 1970: 0
.E.E.E..E.E.E
Time: 0.395
There were 7 failures:
1) test09(testing_ChatGPT_on_java.CurrentDateTime_ESTest)
java.lang.Error: Unresolved compilation problem: 
	The method getNumOfDaysToReachThatMonth(int, int) is undefined for the type CurrentDateTime

	at testing_ChatGPT_on_java.CurrentDateTime_ESTest.test09(CurrentDateTime_ESTest.java:74)
2) test05(testing_ChatGPT_on_java.CurrentDateTime_ESTest)
java.lang.AssertionError: expected:<0> but was:<1>
	at org.junit.Assert.fail(Assert.java:89)
	at org.junit.Assert.failNotEquals(Assert.java:835)
	at org.junit.Assert.assertEquals(Assert.java:647)
	at org.junit.Assert.assertEquals(Assert.java:633)
	at testing_ChatGPT_on_java.CurrentDateTime_ESTest.test05(CurrentDateTime_ESTest.java:50)
3) test04(testing_ChatGPT_on_java.CurrentDateTime_ESTest)
java.lang.Error: Unresolved compilation problem: 
	The method getStartDay(int, int) is undefined for the type CurrentDateTime

	at testing_ChatGPT_on_java.CurrentDateTime_ESTest.test04(CurrentDateTime_ESTest.java:43)
4) test03(testing_ChatGPT_on_java.CurrentDateTime_ESTest)
java.lang.Error: Unresolved compilation problem: 
	The method getNumberOfDaysInMonth(int, int) is undefined for the type CurrentDateTime

	at testing_ChatGPT_on_java.CurrentDateTime_ESTest.test03(CurrentDateTime_ESTest.java:37)
5) test01(testing_ChatGPT_on_java.CurrentDateTime_ESTest)
java.lang.Error: Unresolved compilation problem: 
	The method getMonthFromDays(int, int) is undefined for the type CurrentDateTime

	at testing_ChatGPT_on_java.CurrentDateTime_ESTest.test01(CurrentDateTime_ESTest.java:26)
6) test00(testing_ChatGPT_on_java.CurrentDateTime_ESTest)
java.lang.Error: Unresolved compilation problem: 
	The method dayNameOfWeek(int) is undefined for the type CurrentDateTime

	at testing_ChatGPT_on_java.CurrentDateTime_ESTest.test00(CurrentDateTime_ESTest.java:20)
7) test10(testing_ChatGPT_on_java.CurrentDateTime_ESTest)
java.lang.AssertionError: expected null, but was:<Monday>
	at org.junit.Assert.fail(Assert.java:89)
	at org.junit.Assert.failNotNull(Assert.java:756)
	at org.junit.Assert.assertNull(Assert.java:738)
	at org.junit.Assert.assertNull(Assert.java:748)
	at testing_ChatGPT_on_java.CurrentDateTime_ESTest.test10(CurrentDateTime_ESTest.java:81)

FAILURES!!!
Tests run: 11,  Failures: 7

