JUnit version 4.13
.E.
Time: 0.397
There was 1 failure:
1) test0(testing_ChatGPT_on_java.SubMapExample_ESTest)
java.lang.ClassCastException: java.util.TreeMap$AscendingSubMap cannot be cast to java.util.TreeMap
	at testing_ChatGPT_on_java.SubMapExample.fillMapPortion(SubMapExample.java:46)
	at testing_ChatGPT_on_java.SubMapExample.main(SubMapExample.java:17)
	at testing_ChatGPT_on_java.SubMapExample_ESTest.test0(SubMapExample_ESTest.java:21)

FAILURES!!!
Tests run: 2,  Failures: 1

