JUnit version 4.13
.I love gnimmargorp dna Java
meroL muspi rolod tis amet
olleH dlrow

E.E.I love gnimmargorp dna Java
meroL muspi rolod tis amet
olleH dlrow

..E.E
Time: 0.346
There were 4 failures:
1) test2(testing_ChatGPT_on_java.ReverseOddLengthWords_ESTest)
java.lang.AssertionError: Expecting exception: NoSuchElementException
	at org.junit.Assert.fail(Assert.java:89)
	at testing_ChatGPT_on_java.ReverseOddLengthWords_ESTest.test2(ReverseOddLengthWords_ESTest.java:48)
2) test3(testing_ChatGPT_on_java.ReverseOddLengthWords_ESTest)
java.lang.Error: Unresolved compilation problem: 
	The method reverse(String) is undefined for the type ReverseOddLengthWords

	at testing_ChatGPT_on_java.ReverseOddLengthWords_ESTest.test3(ReverseOddLengthWords_ESTest.java:60)
3) test0(testing_ChatGPT_on_java.ReverseOddLengthWords_ESTest)
java.lang.Error: Unresolved compilation problem: 
	The method reverse(String) is undefined for the type ReverseOddLengthWords

	at testing_ChatGPT_on_java.ReverseOddLengthWords_ESTest.test0(ReverseOddLengthWords_ESTest.java:23)
4) test1(testing_ChatGPT_on_java.ReverseOddLengthWords_ESTest)
java.lang.Error: Unresolved compilation problem: 
	The method reverse(String) is undefined for the type ReverseOddLengthWords

	at testing_ChatGPT_on_java.ReverseOddLengthWords_ESTest.test1(ReverseOddLengthWords_ESTest.java:31)

FAILURES!!!
Tests run: 6,  Failures: 4

