JUnit version 4.13
.META-INF
testing_ChatGPT_on_java
.META-INF
testing_ChatGPT_on_java
.META-INF
testing_ChatGPT_on_java
.E.
Time: 0.527
There was 1 failure:
1) test2(testing_ChatGPT_on_java.ListFilesInDirectory_ESTest)
java.lang.AssertionError: Exception was not thrown in java.io.File but in sun.nio.fs.WindowsPathParser.parse(WindowsPathParser.java:98): java.lang.NullPointerException
	at org.evosuite.runtime.EvoAssertions.assertThrownBy(EvoAssertions.java:112)
	at org.evosuite.runtime.EvoAssertions.verifyException(EvoAssertions.java:49)
	at testing_ChatGPT_on_java.ListFilesInDirectory_ESTest.test2(ListFilesInDirectory_ESTest.java:52)

FAILURES!!!
Tests run: 5,  Failures: 1

