JUnit version 4.13
.E.E.E.f
.f
..E.f
E
Time: 0.47
There were 5 failures:
1) test2(testing_ChatGPT_on_java.FirstNonRepeatingCharacter_ESTest)
java.lang.Error: Unresolved compilation problem: 
	The method findFirstNonRepeatingCharacter(String) is undefined for the type FirstNonRepeatingCharacter

	at testing_ChatGPT_on_java.FirstNonRepeatingCharacter_ESTest.test2(FirstNonRepeatingCharacter_ESTest.java:47)
2) test3(testing_ChatGPT_on_java.FirstNonRepeatingCharacter_ESTest)
java.lang.Error: Unresolved compilation problem: 
	The method findFirstNonRepeatingCharacter(String) is undefined for the type FirstNonRepeatingCharacter

	at testing_ChatGPT_on_java.FirstNonRepeatingCharacter_ESTest.test3(FirstNonRepeatingCharacter_ESTest.java:60)
3) test4(testing_ChatGPT_on_java.FirstNonRepeatingCharacter_ESTest)
java.lang.Error: Unresolved compilation problem: 
	The method findFirstNonRepeatingCharacter(String) is undefined for the type FirstNonRepeatingCharacter

	at testing_ChatGPT_on_java.FirstNonRepeatingCharacter_ESTest.test4(FirstNonRepeatingCharacter_ESTest.java:66)
4) test0(testing_ChatGPT_on_java.FirstNonRepeatingCharacter_ESTest)
java.lang.Error: Unresolved compilation problem: 
	The method findFirstNonRepeatingCharacter(String) is undefined for the type FirstNonRepeatingCharacter

	at testing_ChatGPT_on_java.FirstNonRepeatingCharacter_ESTest.test0(FirstNonRepeatingCharacter_ESTest.java:23)
5) test1(testing_ChatGPT_on_java.FirstNonRepeatingCharacter_ESTest)
java.lang.AssertionError: Expecting exception: NoSuchElementException
	at org.junit.Assert.fail(Assert.java:89)
	at testing_ChatGPT_on_java.FirstNonRepeatingCharacter_ESTest.test1(FirstNonRepeatingCharacter_ESTest.java:33)

FAILURES!!!
Tests run: 8,  Failures: 5

