JUnit version 4.13
.Result: 6
Result: 9
Result: 7
E.Result: 6
Result: 9
Result: 7
E.E...Result: 6
Result: 9
Result: 7
.Result: 6
Result: 9
Result: 7
..Result: 6
Result: 9
Result: 7
.
Time: 0.365
There were 3 failures:
1) test5(testing_ChatGPT_on_java.AddDigitsUntilOne_ESTest)
java.lang.AssertionError: Expecting exception: InputMismatchException
	at org.junit.Assert.fail(Assert.java:89)
	at testing_ChatGPT_on_java.AddDigitsUntilOne_ESTest.test5(AddDigitsUntilOne_ESTest.java:70)
2) test4(testing_ChatGPT_on_java.AddDigitsUntilOne_ESTest)
java.lang.AssertionError: Expecting exception: NoSuchElementException
	at org.junit.Assert.fail(Assert.java:89)
	at testing_ChatGPT_on_java.AddDigitsUntilOne_ESTest.test4(AddDigitsUntilOne_ESTest.java:54)
3) test3(testing_ChatGPT_on_java.AddDigitsUntilOne_ESTest)
java.lang.AssertionError: expected:<-3825> but was:<9>
	at org.junit.Assert.fail(Assert.java:89)
	at org.junit.Assert.failNotEquals(Assert.java:835)
	at org.junit.Assert.assertEquals(Assert.java:647)
	at org.junit.Assert.assertEquals(Assert.java:633)
	at testing_ChatGPT_on_java.AddDigitsUntilOne_ESTest.test3(AddDigitsUntilOne_ESTest.java:45)

FAILURES!!!
Tests run: 10,  Failures: 3

