JUnit version 4.13
.E....poin
he w
computer science

null
computer science

Time: 0.369
There was 1 failure:
1) test0(testing_ChatGPT_on_java.RemoveDuplicateChars_ESTest)
java.lang.AssertionError: Expecting exception: NullPointerException
	at org.junit.Assert.fail(Assert.java:89)
	at testing_ChatGPT_on_java.RemoveDuplicateChars_ESTest.test0(RemoveDuplicateChars_ESTest.java:24)

FAILURES!!!
Tests run: 5,  Failures: 1

