JUnit version 4.13
.The average is: 20.0
Area of the rectangle: 46.75
Perimeter of the rectangle: 28.0
E.The average is: 20.0
Area of the rectangle: 46.75
Perimeter of the rectangle: 28.0
E..The average is: 20.0
Area of the rectangle: 46.75
Perimeter of the rectangle: 28.0
.The average is: 20.0
Area of the rectangle: 46.75
Perimeter of the rectangle: 28.0

Time: 0.611
There were 2 failures:
1) test3(testing_ChatGPT_on_java.AverageAndRectangle_ESTest)
java.lang.AssertionError: Expecting exception: InputMismatchException
	at org.junit.Assert.fail(Assert.java:89)
	at testing_ChatGPT_on_java.AverageAndRectangle_ESTest.test3(AverageAndRectangle_ESTest.java:65)
2) test2(testing_ChatGPT_on_java.AverageAndRectangle_ESTest)
java.lang.AssertionError: Expecting exception: NoSuchElementException
	at org.junit.Assert.fail(Assert.java:89)
	at testing_ChatGPT_on_java.AverageAndRectangle_ESTest.test2(AverageAndRectangle_ESTest.java:49)

FAILURES!!!
Tests run: 5,  Failures: 2

