JUnit version 4.13
..2 + 3 * (4 - 1): true
x = 5: true
1 + 2 +: true
1 + (2 * 3): true
1 + 2) * 3: false
a + b: true
...E
Time: 0.365
There was 1 failure:
1) test1(testing_ChatGPT_on_java.MathExpressionValidator_ESTest)
java.lang.AssertionError: Expecting exception: NullPointerException
	at org.junit.Assert.fail(Assert.java:89)
	at testing_ChatGPT_on_java.MathExpressionValidator_ESTest.test1(MathExpressionValidator_ESTest.java:30)

FAILURES!!!
Tests run: 5,  Failures: 1

