JUnit version 4.13
.E.Enter the value of a: E.E.E.E.E.E.E
Time: 4.393
There were 8 failures:
1) test6(testing_ChatGPT_on_java.ExpressionEvaluator_ESTest)
java.lang.Error: Unresolved compilation problem: 
	The method evaluateE() is undefined for the type ExpressionEvaluator

	at testing_ChatGPT_on_java.ExpressionEvaluator_ESTest.test6(ExpressionEvaluator_ESTest.java:57)
2) test7(testing_ChatGPT_on_java.ExpressionEvaluator_ESTest)
org.junit.runners.model.TestTimedOutException: test timed out after 4000 milliseconds
	at java.io.FileInputStream.readBytes(Native Method)
	at java.io.FileInputStream.read(FileInputStream.java:255)
	at java.io.BufferedInputStream.read1(BufferedInputStream.java:284)
	at java.io.BufferedInputStream.read(BufferedInputStream.java:345)
	at sun.nio.cs.StreamDecoder.readBytes(StreamDecoder.java:284)
	at sun.nio.cs.StreamDecoder.implRead(StreamDecoder.java:326)
	at sun.nio.cs.StreamDecoder.read(StreamDecoder.java:178)
	at java.io.InputStreamReader.read(InputStreamReader.java:184)
	at java.io.Reader.read(Reader.java:100)
	at java.util.Scanner.readInput(Scanner.java:804)
	at java.util.Scanner.hasNext(Scanner.java:1446)
	at java.util.Scanner.hasNextDouble(Scanner.java:2363)
	at testing_ChatGPT_on_java.ExpressionEvaluator.getDoubleInput(ExpressionEvaluator.java:19)
	at testing_ChatGPT_on_java.ExpressionEvaluator.main(ExpressionEvaluator.java:8)
	at testing_ChatGPT_on_java.ExpressionEvaluator_ESTest.test7(ExpressionEvaluator_ESTest.java:63)
3) test4(testing_ChatGPT_on_java.ExpressionEvaluator_ESTest)
java.lang.Error: Unresolved compilation problem: 
	The method evaluateA() is undefined for the type ExpressionEvaluator

	at testing_ChatGPT_on_java.ExpressionEvaluator_ESTest.test4(ExpressionEvaluator_ESTest.java:44)
4) test5(testing_ChatGPT_on_java.ExpressionEvaluator_ESTest)
java.lang.Error: Unresolved compilation problem: 
	The method evaluateF() is undefined for the type ExpressionEvaluator

	at testing_ChatGPT_on_java.ExpressionEvaluator_ESTest.test5(ExpressionEvaluator_ESTest.java:50)
5) test2(testing_ChatGPT_on_java.ExpressionEvaluator_ESTest)
java.lang.Error: Unresolved compilation problem: 
	The method evaluateE() is undefined for the type ExpressionEvaluator

	at testing_ChatGPT_on_java.ExpressionEvaluator_ESTest.test2(ExpressionEvaluator_ESTest.java:32)
6) test3(testing_ChatGPT_on_java.ExpressionEvaluator_ESTest)
java.lang.Error: Unresolved compilation problem: 
	The method evaluateC() is undefined for the type ExpressionEvaluator

	at testing_ChatGPT_on_java.ExpressionEvaluator_ESTest.test3(ExpressionEvaluator_ESTest.java:38)
7) test0(testing_ChatGPT_on_java.ExpressionEvaluator_ESTest)
java.lang.Error: Unresolved compilation problem: 
	The method evaluateD() is undefined for the type ExpressionEvaluator

	at testing_ChatGPT_on_java.ExpressionEvaluator_ESTest.test0(ExpressionEvaluator_ESTest.java:20)
8) test1(testing_ChatGPT_on_java.ExpressionEvaluator_ESTest)
java.lang.Error: Unresolved compilation problem: 
	The method evaluateB() is undefined for the type ExpressionEvaluator

	at testing_ChatGPT_on_java.ExpressionEvaluator_ESTest.test1(ExpressionEvaluator_ESTest.java:26)

FAILURES!!!
Tests run: 8,  Failures: 8

