JUnit version 4.13
.E.E...E.
Time: 0.435
There were 3 failures:
1) test1(testing_ChatGPT_on_java.LowerKeyMapping_ESTest)
java.lang.AssertionError: Expecting exception: NullPointerException
	at org.junit.Assert.fail(Assert.java:89)
	at testing_ChatGPT_on_java.LowerKeyMapping_ESTest.test1(LowerKeyMapping_ESTest.java:35)
2) test0(testing_ChatGPT_on_java.LowerKeyMapping_ESTest)
java.lang.NoSuchMethodError: java.util.Map.entry(Ljava/lang/Object;Ljava/lang/Object;)Ljava/util/Map$Entry;
	at testing_ChatGPT_on_java.LowerKeyMapping.getLowerKeyMapping(LowerKeyMapping.java:38)
	at testing_ChatGPT_on_java.LowerKeyMapping_ESTest.test0(LowerKeyMapping_ESTest.java:25)
3) test5(testing_ChatGPT_on_java.LowerKeyMapping_ESTest)
java.lang.NoSuchMethodError: java.util.Map.entry(Ljava/lang/Object;Ljava/lang/Object;)Ljava/util/Map$Entry;
	at testing_ChatGPT_on_java.LowerKeyMapping.getLowerKeyMapping(LowerKeyMapping.java:38)
	at testing_ChatGPT_on_java.LowerKeyMapping.main(LowerKeyMapping.java:16)
	at testing_ChatGPT_on_java.LowerKeyMapping_ESTest.test5(LowerKeyMapping_ESTest.java:79)

FAILURES!!!
Tests run: 6,  Failures: 3

