JUnit version 4.13
..Enter the number of hours to add: .Enter the number of hours to add: Current Time: 20:21:21.320
New Time after adding 5 hours: 01:21:21.320

Enter another number of hours to add (using ChronoUnit): New Time (using ChronoUnit) after adding 5 hours: 01:21:21.320
E.Enter the number of hours to add: Current Time: 20:21:21.320
New Time after adding 2 hours: 22:21:21.320

Enter another number of hours to add (using ChronoUnit): New Time (using ChronoUnit) after adding 2 hours: 22:21:21.320

Time: 0.39
There was 1 failure:
1) test1(testing_ChatGPT_on_java.AddHoursToCurrentTime_ESTest)
java.lang.AssertionError: Expecting exception: NoSuchElementException
	at org.junit.Assert.fail(Assert.java:89)
	at testing_ChatGPT_on_java.AddHoursToCurrentTime_ESTest.test1(AddHoursToCurrentTime_ESTest.java:38)

FAILURES!!!
Tests run: 4,  Failures: 1

