JUnit version 4.13
..true
false
true
false
false
true
true
false
false
false
false
..E
Time: 0.373
There was 1 failure:
1) test1(testing_ChatGPT_on_java.Solution_ESTest)
java.lang.AssertionError: Expecting exception: NullPointerException
	at org.junit.Assert.fail(Assert.java:89)
	at testing_ChatGPT_on_java.Solution_ESTest.test1(Solution_ESTest.java:32)

FAILURES!!!
Tests run: 4,  Failures: 1

