JUnit version 4.13
....Vowel count in "Hello World": 3
Vowel count in "AEIOUaeiou": 10
Vowel count in "null": 0
Vowel count in "": 0
.E.
Time: 0.427
There was 1 failure:
1) test1(testing_ChatGPT_on_java.CountVowels_ESTest)
java.lang.AssertionError: Expecting exception: NullPointerException
	at org.junit.Assert.fail(Assert.java:89)
	at testing_ChatGPT_on_java.CountVowels_ESTest.test1(CountVowels_ESTest.java:30)

FAILURES!!!
Tests run: 6,  Failures: 1

