JUnit version 4.13
.Please provide three integer arguments.
E.Please provide three integer arguments.
.Please provide three integer arguments.
.Invalid input. Please enter integers only.
.Please provide three integer arguments.
E..Please provide three integer arguments.
.Invalid input. Please enter integers only.

Time: 0.43
There were 2 failures:
1) test3(testing_ChatGPT_on_java.TwentyLess_ESTest)
java.lang.AssertionError: Expecting exception: InputMismatchException
	at org.junit.Assert.fail(Assert.java:89)
	at testing_ChatGPT_on_java.TwentyLess_ESTest.test3(TwentyLess_ESTest.java:59)
2) test7(testing_ChatGPT_on_java.TwentyLess_ESTest)
java.lang.AssertionError: Expecting exception: NoSuchElementException
	at org.junit.Assert.fail(Assert.java:89)
	at testing_ChatGPT_on_java.TwentyLess_ESTest.test7(TwentyLess_ESTest.java:100)

FAILURES!!!
Tests run: 8,  Failures: 2

