JUnit version 4.13
.Please provide three integer arguments.
.E.Please provide three integer arguments.
.Please provide three integer arguments.
..Please provide three integer arguments.
.Please provide three integer arguments.
E.E.Please provide three integer arguments.

Time: 0.429
There were 3 failures:
1) test2(testing_ChatGPT_on_java.TwentyLess_ESTest)
java.lang.NullPointerException
	at testing_ChatGPT_on_java.TwentyLess.main(TwentyLess.java:6)
	at testing_ChatGPT_on_java.TwentyLess_ESTest.test2(TwentyLess_ESTest.java:45)
2) test8(testing_ChatGPT_on_java.TwentyLess_ESTest)
java.lang.AssertionError: Expecting exception: NoSuchElementException
	at org.junit.Assert.fail(Assert.java:89)
	at testing_ChatGPT_on_java.TwentyLess_ESTest.test8(TwentyLess_ESTest.java:107)
3) test1(testing_ChatGPT_on_java.TwentyLess_ESTest)
java.lang.NullPointerException
	at testing_ChatGPT_on_java.TwentyLess.main(TwentyLess.java:6)
	at testing_ChatGPT_on_java.TwentyLess_ESTest.test1(TwentyLess_ESTest.java:37)

FAILURES!!!
Tests run: 9,  Failures: 3

