JUnit version 4.13
.E.....
Time: 0.524
There was 1 failure:
1) test3(testing_ChatGPT_on_java.PermutationSort_ESTest)
java.lang.AssertionError
	at org.junit.Assert.fail(Assert.java:87)
	at org.junit.Assert.assertTrue(Assert.java:42)
	at org.junit.Assert.assertNotNull(Assert.java:713)
	at org.junit.Assert.assertNotNull(Assert.java:723)
	at testing_ChatGPT_on_java.PermutationSort_ESTest.test3(PermutationSort_ESTest.java:59)

FAILURES!!!
Tests run: 6,  Failures: 1

