JUnit version 4.13
.Please provide two numbers as command-line arguments.

The sum of the hardcoded values 10.0 and 25.0 is: 35.0

Enter the first number: E.
Time: 4.406
There was 1 failure:
1) test1(testing_ChatGPT_on_java.Main_ESTest)
org.junit.runners.model.TestTimedOutException: test timed out after 4000 milliseconds
	at java.io.FileInputStream.readBytes(Native Method)
	at java.io.FileInputStream.read(FileInputStream.java:255)
	at java.io.BufferedInputStream.read1(BufferedInputStream.java:284)
	at java.io.BufferedInputStream.read(BufferedInputStream.java:345)
	at sun.nio.cs.StreamDecoder.readBytes(StreamDecoder.java:284)
	at sun.nio.cs.StreamDecoder.implRead(StreamDecoder.java:326)
	at sun.nio.cs.StreamDecoder.read(StreamDecoder.java:178)
	at java.io.InputStreamReader.read(InputStreamReader.java:184)
	at java.io.Reader.read(Reader.java:100)
	at java.util.Scanner.readInput(Scanner.java:804)
	at java.util.Scanner.hasNext(Scanner.java:1446)
	at java.util.Scanner.hasNextDouble(Scanner.java:2363)
	at testing_ChatGPT_on_java.Main.main(Main.java:32)
	at testing_ChatGPT_on_java.Main_ESTest.test1(Main_ESTest.java:26)

FAILURES!!!
Tests run: 2,  Failures: 1

