JUnit version 4.13
..llollollollo
E
Time: 0.398
There was 1 failure:
1) test0(testing_ChatGPT_on_java.StringCopy_ESTest)
java.lang.AssertionError: Expecting exception: NoSuchMethodError
	at org.junit.Assert.fail(Assert.java:89)
	at testing_ChatGPT_on_java.StringCopy_ESTest.test0(StringCopy_ESTest.java:25)

FAILURES!!!
Tests run: 2,  Failures: 1

