JUnit version 4.13
...iou
ai
eoo
ei

aeiou
..E.
Time: 0.376
There was 1 failure:
1) test0(testing_ChatGPT_on_java.LastNVowels_ESTest)
java.lang.AssertionError: Expecting exception: NullPointerException
	at org.junit.Assert.fail(Assert.java:89)
	at testing_ChatGPT_on_java.LastNVowels_ESTest.test0(LastNVowels_ESTest.java:24)

FAILURES!!!
Tests run: 6,  Failures: 1

