JUnit version 4.13
.Input a decimal number: E.
Time: 4.402
There was 1 failure:
1) test0(testing_ChatGPT_on_java.DecimalToBinary_ESTest)
org.junit.runners.model.TestTimedOutException: test timed out after 4000 milliseconds
	at java.io.FileInputStream.readBytes(Native Method)
	at java.io.FileInputStream.read(FileInputStream.java:255)
	at java.io.BufferedInputStream.read1(BufferedInputStream.java:284)
	at java.io.BufferedInputStream.read(BufferedInputStream.java:345)
	at sun.nio.cs.StreamDecoder.readBytes(StreamDecoder.java:284)
	at sun.nio.cs.StreamDecoder.implRead(StreamDecoder.java:326)
	at sun.nio.cs.StreamDecoder.read(StreamDecoder.java:178)
	at java.io.InputStreamReader.read(InputStreamReader.java:184)
	at java.io.Reader.read(Reader.java:100)
	at java.util.Scanner.readInput(Scanner.java:804)
	at java.util.Scanner.next(Scanner.java:1483)
	at java.util.Scanner.nextInt(Scanner.java:2117)
	at java.util.Scanner.nextInt(Scanner.java:2076)
	at testing_ChatGPT_on_java.DecimalToBinary.main(DecimalToBinary.java:9)
	at testing_ChatGPT_on_java.DecimalToBinary_ESTest.test0(DecimalToBinary_ESTest.java:20)

FAILURES!!!
Tests run: 2,  Failures: 1

