JUnit version 4.13
..Sum of digits in "abc123xyz45": 15
Sum of digits in "Hello1World2023": 8
Sum of digits in "NoDigitsHere": 0
Sum of digits in "": 0
Input string cannot be null.
.E.
Time: 0.355
There was 1 failure:
1) test0(testing_ChatGPT_on_java.Solution_ESTest)
java.lang.AssertionError: Exception was not thrown in testing_ChatGPT_on_java.Solution but in java.util.regex.Matcher.getTextLength(Matcher.java:1283): java.lang.NullPointerException
	at org.evosuite.runtime.EvoAssertions.assertThrownBy(EvoAssertions.java:112)
	at org.evosuite.runtime.EvoAssertions.verifyException(EvoAssertions.java:49)
	at testing_ChatGPT_on_java.Solution_ESTest.test0(Solution_ESTest.java:31)

FAILURES!!!
Tests run: 4,  Failures: 1

