JUnit version 4.13
...zzggg
zzg
zazg
abzcafg
zzzgg
null
z
zg
azg
...E
Time: 0.375
There was 1 failure:
1) test2(testing_ChatGPT_on_java.StringManipulation_ESTest)
java.lang.AssertionError: Expecting exception: NullPointerException
	at org.junit.Assert.fail(Assert.java:89)
	at testing_ChatGPT_on_java.StringManipulation_ESTest.test2(StringManipulation_ESTest.java:39)

FAILURES!!!
Tests run: 6,  Failures: 1

