JUnit version 4.13
..E.Input the starting number of the range: E.E
Time: 4.394
There were 3 failures:
1) test2(testing_ChatGPT_on_java.KaprekarNumbers_ESTest)
java.lang.Error: Unresolved compilation problems: 
	The method findKaprekarNumbers(int) is undefined for the type KaprekarNumbers
	The method findKaprekarNumbers(int) is undefined for the type KaprekarNumbers

	at testing_ChatGPT_on_java.KaprekarNumbers_ESTest.test2(KaprekarNumbers_ESTest.java:34)
2) test1(testing_ChatGPT_on_java.KaprekarNumbers_ESTest)
org.junit.runners.model.TestTimedOutException: test timed out after 4000 milliseconds
	at java.io.FileInputStream.readBytes(Native Method)
	at java.io.FileInputStream.read(FileInputStream.java:255)
	at java.io.BufferedInputStream.read1(BufferedInputStream.java:284)
	at java.io.BufferedInputStream.read(BufferedInputStream.java:345)
	at sun.nio.cs.StreamDecoder.readBytes(StreamDecoder.java:284)
	at sun.nio.cs.StreamDecoder.implRead(StreamDecoder.java:326)
	at sun.nio.cs.StreamDecoder.read(StreamDecoder.java:178)
	at java.io.InputStreamReader.read(InputStreamReader.java:184)
	at java.io.Reader.read(Reader.java:100)
	at java.util.Scanner.readInput(Scanner.java:804)
	at java.util.Scanner.next(Scanner.java:1483)
	at java.util.Scanner.nextInt(Scanner.java:2117)
	at java.util.Scanner.nextInt(Scanner.java:2076)
	at testing_ChatGPT_on_java.KaprekarNumbers.main(KaprekarNumbers.java:8)
	at testing_ChatGPT_on_java.KaprekarNumbers_ESTest.test1(KaprekarNumbers_ESTest.java:27)
3) test0(testing_ChatGPT_on_java.KaprekarNumbers_ESTest)
java.lang.Error: Unresolved compilation problem: 
	The method findKaprekarNumbers(int) is undefined for the type KaprekarNumbers

	at testing_ChatGPT_on_java.KaprekarNumbers_ESTest.test0(KaprekarNumbers_ESTest.java:21)

FAILURES!!!
Tests run: 4,  Failures: 3

