JUnit version 4.13
..E..Single number in nums1: 1
Single number in nums2: 4
Single number in nums3: 1
.E.
Time: 0.359
There were 2 failures:
1) test3(testing_ChatGPT_on_java.Solution_ESTest)
java.lang.AssertionError: expected:<0> but was:<-1>
	at org.junit.Assert.fail(Assert.java:89)
	at org.junit.Assert.failNotEquals(Assert.java:835)
	at org.junit.Assert.assertEquals(Assert.java:647)
	at org.junit.Assert.assertEquals(Assert.java:633)
	at testing_ChatGPT_on_java.Solution_ESTest.test3(Solution_ESTest.java:54)
2) test0(testing_ChatGPT_on_java.Solution_ESTest)
java.lang.AssertionError: expected:<7> but was:<0>
	at org.junit.Assert.fail(Assert.java:89)
	at org.junit.Assert.failNotEquals(Assert.java:835)
	at org.junit.Assert.assertEquals(Assert.java:647)
	at org.junit.Assert.assertEquals(Assert.java:633)
	at testing_ChatGPT_on_java.Solution_ESTest.test0(Solution_ESTest.java:24)

FAILURES!!!
Tests run: 6,  Failures: 2

