JUnit version 4.13
.Enter an integer: Invalid input. Please enter an integer.
E.Enter an integer: Invalid input. Please enter an integer.
E..Enter an integer: The number of factors for 0 is infinite.
.Enter an integer: The number of factors of 6 is: 4

Time: 0.379
There were 2 failures:
1) test1(testing_ChatGPT_on_java.CountFactors_ESTest)
java.lang.AssertionError: Expecting exception: InputMismatchException
	at org.junit.Assert.fail(Assert.java:89)
	at testing_ChatGPT_on_java.CountFactors_ESTest.test1(CountFactors_ESTest.java:45)
2) test0(testing_ChatGPT_on_java.CountFactors_ESTest)
java.lang.AssertionError: Expecting exception: NoSuchElementException
	at org.junit.Assert.fail(Assert.java:89)
	at testing_ChatGPT_on_java.CountFactors_ESTest.test0(CountFactors_ESTest.java:28)

FAILURES!!!
Tests run: 5,  Failures: 2

