JUnit version 4.13
..."aeiou" is all vowels: true
"aeiouz" is all vowels: true
"hello" is all vowels: false
..E.E
Time: 0.373
There were 2 failures:
1) test3(testing_ChatGPT_on_java.VowelChecker_ESTest)
java.lang.AssertionError
	at org.junit.Assert.fail(Assert.java:87)
	at org.junit.Assert.assertTrue(Assert.java:42)
	at org.junit.Assert.assertFalse(Assert.java:65)
	at org.junit.Assert.assertFalse(Assert.java:75)
	at testing_ChatGPT_on_java.VowelChecker_ESTest.test3(VowelChecker_ESTest.java:39)
2) test2(testing_ChatGPT_on_java.VowelChecker_ESTest)
java.lang.AssertionError
	at org.junit.Assert.fail(Assert.java:87)
	at org.junit.Assert.assertTrue(Assert.java:42)
	at org.junit.Assert.assertFalse(Assert.java:65)
	at org.junit.Assert.assertFalse(Assert.java:75)
	at testing_ChatGPT_on_java.VowelChecker_ESTest.test2(VowelChecker_ESTest.java:33)

FAILURES!!!
Tests run: 6,  Failures: 2

