JUnit version 4.13
..Number of digits in 12345: 5
Number of digits in 0: 1
Number of digits in 2: 1
.E.E
Time: 0.359
There were 2 failures:
1) test0(testing_ChatGPT_on_java.Solution_ESTest)
java.lang.AssertionError: expected:<2> but was:<3>
	at org.junit.Assert.fail(Assert.java:89)
	at org.junit.Assert.failNotEquals(Assert.java:835)
	at org.junit.Assert.assertEquals(Assert.java:647)
	at org.junit.Assert.assertEquals(Assert.java:633)
	at testing_ChatGPT_on_java.Solution_ESTest.test0(Solution_ESTest.java:21)
2) test1(testing_ChatGPT_on_java.Solution_ESTest)
java.lang.AssertionError: expected:<0> but was:<4>
	at org.junit.Assert.fail(Assert.java:89)
	at org.junit.Assert.failNotEquals(Assert.java:835)
	at org.junit.Assert.assertEquals(Assert.java:647)
	at org.junit.Assert.assertEquals(Assert.java:633)
	at testing_ChatGPT_on_java.Solution_ESTest.test1(Solution_ESTest.java:27)

FAILURES!!!
Tests run: 4,  Failures: 2

