JUnit version 4.13
.ab
aba
x

a
abaaba

....E
Time: 0.356
There was 1 failure:
1) test1(testing_ChatGPT_on_java.StringMirrorImage_ESTest)
java.lang.AssertionError: expected:<> but was:<null>
	at org.junit.Assert.fail(Assert.java:89)
	at org.junit.Assert.failNotEquals(Assert.java:835)
	at org.junit.Assert.assertEquals(Assert.java:120)
	at org.junit.Assert.assertEquals(Assert.java:146)
	at testing_ChatGPT_on_java.StringMirrorImage_ESTest.test1(StringMirrorImage_ESTest.java:29)

FAILURES!!!
Tests run: 5,  Failures: 1

